<?xml version="1.0" encoding="UTF-8" ?>
<testsuite tests="3" failures="0" name="maven.example.basic.ApplicationTest" time="0.014" errors="0" skipped="0">
  <properties>
    <property name="java.runtime.name" value="Java(TM) SE Runtime Environment"/>
    <property name="java.vm.version" value="11.0.16.1+1-LTS-1"/>
    <property name="sun.boot.library.path" value="C:\Program Files\Java\jdk-11.0.16.1\bin"/>
    <property name="maven.multiModuleProjectDirectory" value="C:\Users\Kibernum\Documents\Kibernum\Devops\Modulo 2\Clase1Maven"/>
    <property name="java.vm.vendor" value="Oracle Corporation"/>
    <property name="java.vendor.url" value="https://openjdk.java.net/"/>
    <property name="guice.disable.misplaced.annotation.check" value="true"/>
    <property name="path.separator" value=";"/>
    <property name="java.vm.name" value="Java HotSpot(TM) 64-Bit Server VM"/>
    <property name="sun.os.patch.level" value=""/>
    <property name="user.script" value=""/>
    <property name="user.country" value="CL"/>
    <property name="sun.java.launcher" value="SUN_STANDARD"/>
    <property name="java.vm.specification.name" value="Java Virtual Machine Specification"/>
    <property name="user.dir" value="C:\Users\Kibernum\Documents\Kibernum\Devops\Modulo 2\Clase1Maven"/>
    <property name="java.vm.compressedOopsMode" value="Zero based"/>
    <property name="java.runtime.version" value="11.0.16.1+1-LTS-1"/>
    <property name="java.awt.graphicsenv" value="sun.awt.Win32GraphicsEnvironment"/>
    <property name="os.arch" value="amd64"/>
    <property name="java.io.tmpdir" value="C:\Users\Kibernum\AppData\Local\Temp\"/>
    <property name="line.separator" value="
"/>
    <property name="java.vm.specification.vendor" value="Oracle Corporation"/>
    <property name="user.variant" value=""/>
    <property name="os.name" value="Windows 10"/>
    <property name="classworlds.conf" value="C:\Users\Kibernum\apache-maven-3.8.6\bin\m2.conf"/>
    <property name="sun.jnu.encoding" value="Cp1252"/>
    <property name="java.library.path" value="C:\Program Files\Java\jdk-11.0.16.1\bin;C:\WINDOWS\Sun\Java\bin;C:\WINDOWS\system32;C:\WINDOWS;C:\Program Files\Oculus\Support\oculus-runtime;C:\Program Files\Common Files\Oracle\Java\javapath;C:\Program Files\Java\jdk-11.0.16.1\bin;C:\Python27\;C:\Python27\Scripts;C:\Program Files (x86)\Common Files\Oracle\Java\javapath;C:\Program Files (x86)\Common Files\Intel\Shared Libraries\redist\intel64\compiler;C:\WINDOWS\system32;C:\WINDOWS;C:\WINDOWS\System32\Wbem;C:\WINDOWS\System32\WindowsPowerShell\v1.0\;C:\WINDOWS\System32\OpenSSH\;C:\Program Files\Git\cmd;C:\Users\Kibernum\AppData\Local\Programs\Python\Python310\Scripts;C:\Users\Kibernum\AppData\Local\Programs\Python\Python310;C:\Program Files\nodejs\;C:\ProgramData\chocolatey\bin;C:\Program Files\Eclipse Adoptium\jdk-8.0.312.7-hotspot\bin;C:\cassandra\apache-cassandra-3.11.11\bin;C:\Program Files\MongoDB\Server\5.0\bin;C:\Program Files\Amazon\AWSCLI\bin\;C:\Program Files\dotnet\;C:\Users\Kibernum\apache-maven-3.8.6\bin;C:\Users\Kibernum\gradle-6.9.3\bin;C:\Program Files\Docker\Docker\resources\bin;C:\Program Files\Calibre2\;C:\Users\Kibernum\AppData\Local\Microsoft\WindowsApps;C:\Program Files\JetBrains\PyCharm 2021.3\bin;C:\Users\Kibernum\AppData\Local\Programs\Microsoft VS Code\bin;C:\Users\Kibernum\AppData\Local\Programs\Python\Python310;C:\Users\Kibernum\AppData\Local\Programs\Python\Python310\Scripts;C:\Users\Kibernum\AppData\Roaming\npm;C:\Program Files\mongosh\;C:\Users\Kibernum\AppData\Local\gitkraken\bin;C:\Program Files\JetBrains\IntelliJ IDEA Community Edition 2022.2.3\bin;;C:\Program Files\JetBrains\IntelliJ IDEA 2022.2.4\bin;;C:\Program Files\PostgreSQL\15\bin;;."/>
    <property name="maven.conf" value="C:\Users\Kibernum\apache-maven-3.8.6/conf"/>
    <property name="jdk.debug" value="release"/>
    <property name="java.class.version" value="55.0"/>
    <property name="java.specification.name" value="Java Platform API Specification"/>
    <property name="sun.management.compiler" value="HotSpot 64-Bit Tiered Compilers"/>
    <property name="os.version" value="10.0"/>
    <property name="library.jansi.path" value="C:\Users\Kibernum\apache-maven-3.8.6\lib\jansi-native"/>
    <property name="user.home" value="C:\Users\Kibernum"/>
    <property name="user.timezone" value="America/Santiago"/>
    <property name="java.awt.printerjob" value="sun.awt.windows.WPrinterJob"/>
    <property name="file.encoding" value="Cp1252"/>
    <property name="java.specification.version" value="11"/>
    <property name="user.name" value="Kibernum"/>
    <property name="java.class.path" value="C:\Users\Kibernum\apache-maven-3.8.6\boot\plexus-classworlds-2.6.0.jar"/>
    <property name="java.vm.specification.version" value="11"/>
    <property name="sun.arch.data.model" value="64"/>
    <property name="sun.java.command" value="org.codehaus.plexus.classworlds.launcher.Launcher clean test"/>
    <property name="java.home" value="C:\Program Files\Java\jdk-11.0.16.1"/>
    <property name="user.language" value="es"/>
    <property name="java.specification.vendor" value="Oracle Corporation"/>
    <property name="awt.toolkit" value="sun.awt.windows.WToolkit"/>
    <property name="java.vm.info" value="mixed mode"/>
    <property name="java.version" value="11.0.16.1"/>
    <property name="java.vendor" value="Oracle Corporation"/>
    <property name="sun.stderr.encoding" value="cp850"/>
    <property name="maven.home" value="C:\Users\Kibernum\apache-maven-3.8.6"/>
    <property name="file.separator" value="\"/>
    <property name="java.version.date" value="2022-08-18"/>
    <property name="java.vendor.url.bug" value="https://bugreport.java.com/bugreport/"/>
    <property name="sun.io.unicode.encoding" value="UnicodeLittle"/>
    <property name="sun.cpu.endian" value="little"/>
    <property name="java.vendor.version" value="18.9"/>
    <property name="sun.stdout.encoding" value="cp850"/>
    <property name="sun.desktop" value="windows"/>
    <property name="sun.cpu.isalist" value="amd64"/>
  </properties>
  <testcase classname="maven.example.basic.ApplicationTest" name="testCountWords" time="0.014"/>
  <testcase classname="maven.example.basic.ApplicationTest" name="testWordCountEmpty" time="0"/>
  <testcase classname="maven.example.basic.ApplicationTest" name="testWordCountNull" time="0"/>
</testsuite>